[debug] [2025-03-30T10:00:53.364Z] ----------------------------------------------------------------------
[debug] [2025-03-30T10:00:53.365Z] Command:       C:\Program Files\nodejs\node.exe C:\Users\umebo\AppData\Roaming\npm\node_modules\firebase-tools\lib\bin\firebase.js init
[debug] [2025-03-30T10:00:53.366Z] CLI Version:   14.0.1
[debug] [2025-03-30T10:00:53.366Z] Platform:      win32
[debug] [2025-03-30T10:00:53.366Z] Node Version:  v22.14.0
[debug] [2025-03-30T10:00:53.366Z] Time:          Sun Mar 30 2025 19:00:53 GMT+0900 (日本標準時)
[debug] [2025-03-30T10:00:53.366Z] ----------------------------------------------------------------------
[debug] 
[debug] [2025-03-30T10:00:53.370Z] > command requires scopes: ["email","openid","https://www.googleapis.com/auth/cloudplatformprojects.readonly","https://www.googleapis.com/auth/firebase","https://www.googleapis.com/auth/cloud-platform"]
[debug] [2025-03-30T10:00:53.371Z] > authorizing via signed-in user (12umeboshi@gmail.com)
[info] 
     ######## #### ########  ######## ########     ###     ######  ########
     ##        ##  ##     ## ##       ##     ##  ##   ##  ##       ##
     ######    ##  ########  ######   ########  #########  ######  ######
     ##        ##  ##    ##  ##       ##     ## ##     ##       ## ##
     ##       #### ##     ## ######## ########  ##     ##  ######  ########

You're about to initialize a Firebase project in this directory:

  C:\apps\task

Before we get started, keep in mind:

  * You are currently outside your home directory

[info] 
=== Project Setup
[info] 
[info] First, let's associate this project directory with a Firebase project.
[info] You can create multiple project aliases by running firebase use --add, 
[info] but for now we'll just set up a default project.
[info] 
[debug] [2025-03-30T10:02:42.722Z] Checked if tokens are valid: true, expires at: 1743332304385
[debug] [2025-03-30T10:02:42.722Z] Checked if tokens are valid: true, expires at: 1743332304385
[debug] [2025-03-30T10:02:42.723Z] >>> [apiv2][query] GET https://firebase.googleapis.com/v1beta1/projects pageSize=100
[debug] [2025-03-30T10:02:43.744Z] <<< [apiv2][status] GET https://firebase.googleapis.com/v1beta1/projects 200
[debug] [2025-03-30T10:02:43.744Z] <<< [apiv2][body] GET https://firebase.googleapis.com/v1beta1/projects [omitted]
[info] i  Using project project-1536628840871296331 (1111) 
[info] 
=== Dataconnect Setup
[debug] [2025-03-30T10:03:21.282Z] Checked if tokens are valid: true, expires at: 1743332304385
[debug] [2025-03-30T10:03:21.282Z] Checked if tokens are valid: true, expires at: 1743332304385
[debug] [2025-03-30T10:03:21.282Z] >>> [apiv2][query] GET https://cloudbilling.googleapis.com/v1/projects/project-1536628840871296331/billingInfo [none]
[debug] [2025-03-30T10:03:22.815Z] <<< [apiv2][status] GET https://cloudbilling.googleapis.com/v1/projects/project-1536628840871296331/billingInfo 200
[debug] [2025-03-30T10:03:22.815Z] <<< [apiv2][body] GET https://cloudbilling.googleapis.com/v1/projects/project-1536628840871296331/billingInfo {"name":"projects/project-1536628840871296331/billingInfo","projectId":"project-1536628840871296331","billingAccountName":"","billingEnabled":false}
[info] i  dataconnect: ensuring required API sqladmin.googleapis.com is enabled... 
[debug] [2025-03-30T10:03:22.816Z] Checked if tokens are valid: true, expires at: 1743332304385
[debug] [2025-03-30T10:03:22.817Z] Checked if tokens are valid: true, expires at: 1743332304385
[debug] [2025-03-30T10:03:22.817Z] >>> [apiv2][query] GET https://serviceusage.googleapis.com/v1/projects/project-1536628840871296331/services/sqladmin.googleapis.com [none]
[debug] [2025-03-30T10:03:22.817Z] >>> [apiv2][(partial)header] GET https://serviceusage.googleapis.com/v1/projects/project-1536628840871296331/services/sqladmin.googleapis.com x-goog-quota-user=projects/project-1536628840871296331
[debug] [2025-03-30T10:03:24.239Z] <<< [apiv2][status] GET https://serviceusage.googleapis.com/v1/projects/project-1536628840871296331/services/sqladmin.googleapis.com 200
[debug] [2025-03-30T10:03:24.239Z] <<< [apiv2][body] GET https://serviceusage.googleapis.com/v1/projects/project-1536628840871296331/services/sqladmin.googleapis.com [omitted]
[warn] !  dataconnect: missing required API sqladmin.googleapis.com. Enabling now... 
[debug] [2025-03-30T10:03:24.240Z] Checked if tokens are valid: true, expires at: 1743332304385
[debug] [2025-03-30T10:03:24.240Z] Checked if tokens are valid: true, expires at: 1743332304385
[debug] [2025-03-30T10:03:24.240Z] >>> [apiv2][query] POST https://serviceusage.googleapis.com/v1/projects/project-1536628840871296331/services/sqladmin.googleapis.com:enable [none]
[debug] [2025-03-30T10:03:24.240Z] >>> [apiv2][(partial)header] POST https://serviceusage.googleapis.com/v1/projects/project-1536628840871296331/services/sqladmin.googleapis.com:enable x-goog-quota-user=projects/project-1536628840871296331
[debug] [2025-03-30T10:03:24.680Z] <<< [apiv2][status] POST https://serviceusage.googleapis.com/v1/projects/project-1536628840871296331/services/sqladmin.googleapis.com:enable 200
[debug] [2025-03-30T10:03:24.680Z] <<< [apiv2][body] POST https://serviceusage.googleapis.com/v1/projects/project-1536628840871296331/services/sqladmin.googleapis.com:enable [omitted]
[debug] [2025-03-30T10:03:34.692Z] Checked if tokens are valid: true, expires at: 1743332304385
[debug] [2025-03-30T10:03:34.692Z] Checked if tokens are valid: true, expires at: 1743332304385
[debug] [2025-03-30T10:03:34.692Z] >>> [apiv2][query] GET https://serviceusage.googleapis.com/v1/projects/project-1536628840871296331/services/sqladmin.googleapis.com [none]
[debug] [2025-03-30T10:03:34.693Z] >>> [apiv2][(partial)header] GET https://serviceusage.googleapis.com/v1/projects/project-1536628840871296331/services/sqladmin.googleapis.com x-goog-quota-user=projects/project-1536628840871296331
[debug] [2025-03-30T10:03:35.029Z] <<< [apiv2][status] GET https://serviceusage.googleapis.com/v1/projects/project-1536628840871296331/services/sqladmin.googleapis.com 200
[debug] [2025-03-30T10:03:35.029Z] <<< [apiv2][body] GET https://serviceusage.googleapis.com/v1/projects/project-1536628840871296331/services/sqladmin.googleapis.com [omitted]
[info] +  dataconnect: required API sqladmin.googleapis.com is enabled 
[info] +  Wrote dataconnect\dataconnect.yaml 
[info] +  Wrote dataconnect\schema\schema.gql 
[info] +  Wrote dataconnect\connector\connector.yaml 
[info] +  Wrote dataconnect\connector\queries.gql 
[info] +  Wrote dataconnect\connector\mutations.gql 
[info] +  Detected WEB app in directory C:\apps\task 
